Using pre-set license
Built from '2021.3/staging' branch; Version is '2021.3.29f1 (204d6dc9ae1c) revision 2116973'; Using compiler version '192829333'; Build Type 'Release'
OS: 'Windows 10  (10.0.19045) 64bit Professional' Language: 'es' Physical Memory: 32509 MB
BatchMode: 1, IsHumanControllingUs: 0, StartBugReporterOnCrash: 0, Is64bit: 1, IsPro: 1

COMMAND LINE ARGUMENTS:
C:\Program Files\Unity\Hub\Editor\2021.3.29f1\Editor\Unity.exe
-adb2
-batchMode
-noUpm
-name
AssetImportWorker3
-projectPath
C:/Users/Godot/Documents/GitHub/TSICIII_Practicas/Practica1
-logFile
Logs/AssetImportWorker3.log
-srvPort
49656
Successfully changed project path to: C:/Users/Godot/Documents/GitHub/TSICIII_Practicas/Practica1
C:/Users/Godot/Documents/GitHub/TSICIII_Practicas/Practica1
[UnityMemory] Configuration Parameters - Can be set up in boot.config
    "memorysetup-bucket-allocator-granularity=16"
    "memorysetup-bucket-allocator-bucket-count=8"
    "memorysetup-bucket-allocator-block-size=33554432"
    "memorysetup-bucket-allocator-block-count=8"
    "memorysetup-main-allocator-block-size=16777216"
    "memorysetup-thread-allocator-block-size=16777216"
    "memorysetup-gfx-main-allocator-block-size=16777216"
    "memorysetup-gfx-thread-allocator-block-size=16777216"
    "memorysetup-cache-allocator-block-size=4194304"
    "memorysetup-typetree-allocator-block-size=2097152"
    "memorysetup-profiler-bucket-allocator-granularity=16"
    "memorysetup-profiler-bucket-allocator-bucket-count=8"
    "memorysetup-profiler-bucket-allocator-block-size=33554432"
    "memorysetup-profiler-bucket-allocator-block-count=8"
    "memorysetup-profiler-allocator-block-size=16777216"
    "memorysetup-profiler-editor-allocator-block-size=1048576"
    "memorysetup-temp-allocator-size-main=16777216"
    "memorysetup-job-temp-allocator-block-size=2097152"
    "memorysetup-job-temp-allocator-block-size-background=1048576"
    "memorysetup-job-temp-allocator-reduction-small-platforms=262144"
    "memorysetup-temp-allocator-size-background-worker=32768"
    "memorysetup-temp-allocator-size-job-worker=262144"
    "memorysetup-temp-allocator-size-preload-manager=33554432"
    "memorysetup-temp-allocator-size-nav-mesh-worker=65536"
    "memorysetup-temp-allocator-size-audio-worker=65536"
    "memorysetup-temp-allocator-size-cloud-worker=32768"
    "memorysetup-temp-allocator-size-gi-baking-worker=262144"
    "memorysetup-temp-allocator-size-gfx=262144"
Player connection [2592] Host "[IP] 192.168.186.1 [Port] 0 [Flags] 2 [Guid] 3104950616 [EditorId] 3104950616 [Version] 1048832 [Id] WindowsEditor(7,DESKTOP-2RED3C4) [Debug] 1 [PackageName] WindowsEditor [ProjectName] Editor" joined multi-casting on [225.0.0.222:54997]...

Player connection [2592] Host "[IP] 192.168.186.1 [Port] 0 [Flags] 2 [Guid] 3104950616 [EditorId] 3104950616 [Version] 1048832 [Id] WindowsEditor(7,DESKTOP-2RED3C4) [Debug] 1 [PackageName] WindowsEditor [ProjectName] Editor" joined alternative multi-casting on [225.0.0.222:34997]...

Refreshing native plugins compatible for Editor in 95.50 ms, found 3 plugins.
Preloading 0 native plugins for Editor in 0.00 ms.
Initialize engine version: 2021.3.29f1 (204d6dc9ae1c)
[Subsystems] Discovering subsystems at path C:/Program Files/Unity/Hub/Editor/2021.3.29f1/Editor/Data/Resources/UnitySubsystems
[Subsystems] Discovering subsystems at path C:/Users/Godot/Documents/GitHub/TSICIII_Practicas/Practica1/Assets
GfxDevice: creating device client; threaded=0; jobified=0
Direct3D:
    Version:  Direct3D 11.0 [level 11.1]
    Renderer: NVIDIA GeForce RTX 4070 (ID=0x2786)
    Vendor:   NVIDIA
    VRAM:     12026 MB
    Driver:   31.0.15.3713
Initialize mono
Mono path[0] = 'C:/Program Files/Unity/Hub/Editor/2021.3.29f1/Editor/Data/Managed'
Mono path[1] = 'C:/Program Files/Unity/Hub/Editor/2021.3.29f1/Editor/Data/MonoBleedingEdge/lib/mono/unityjit-win32'
Mono config path = 'C:/Program Files/Unity/Hub/Editor/2021.3.29f1/Editor/Data/MonoBleedingEdge/etc'
Using monoOptions --debugger-agent=transport=dt_socket,embedding=1,server=y,suspend=n,address=127.0.0.1:56656
Begin MonoManager ReloadAssembly
Registering precompiled unity dll's ...
Register platform support module: C:/Program Files/Unity/Hub/Editor/2021.3.29f1/Editor/Data/PlaybackEngines/AndroidPlayer/UnityEditor.Android.Extensions.dll
Register platform support module: C:/Program Files/Unity/Hub/Editor/2021.3.29f1/Editor/Data/PlaybackEngines/WindowsStandaloneSupport/UnityEditor.WindowsStandalone.Extensions.dll
Registered in 0.009956 seconds.
Native extension for WindowsStandalone target not found
Native extension for Android target not found
Android Extension - Scanning For ADB Devices 266 ms
Refreshing native plugins compatible for Editor in 80.54 ms, found 3 plugins.
Preloading 0 native plugins for Editor in 0.00 ms.
Mono: successfully reloaded assembly
- Completed reload, in  1.000 seconds
Domain Reload Profiling:
	ReloadAssembly (1000ms)
		BeginReloadAssembly (96ms)
			ExecutionOrderSort (0ms)
			DisableScriptedObjects (0ms)
			BackupInstance (0ms)
			ReleaseScriptingObjects (0ms)
			CreateAndSetChildDomain (1ms)
		EndReloadAssembly (792ms)
			LoadAssemblies (93ms)
			RebuildTransferFunctionScriptingTraits (0ms)
			SetupTypeCache (114ms)
			ReleaseScriptCaches (0ms)
			RebuildScriptCaches (31ms)
			SetupLoadedEditorAssemblies (591ms)
				LogAssemblyErrors (0ms)
				InitializePlatformSupportModulesInManaged (365ms)
				SetLoadedEditorAssemblies (0ms)
				RefreshPlugins (81ms)
				BeforeProcessingInitializeOnLoad (1ms)
				ProcessInitializeOnLoadAttributes (95ms)
				ProcessInitializeOnLoadMethodAttributes (48ms)
				AfterProcessingInitializeOnLoad (0ms)
				EditorAssembliesLoaded (0ms)
			ExecutionOrderSort2 (0ms)
			AwakeInstancesAfterBackupRestoration (0ms)
Platform modules already initialized, skipping
Registering precompiled user dll's ...
Registered in 0.006689 seconds.
Begin MonoManager ReloadAssembly
Symbol file LoadedFromMemory doesn't match image C:\Users\Godot\Documents\GitHub\TSICIII_Practicas\Practica1\Library\PackageCache\com.unity.visualscripting@1.8.0\Editor\VisualScripting.Core\Dependencies\YamlDotNet\Unity.VisualScripting.YamlDotNet.dll
Symbol file LoadedFromMemory doesn't match image C:\Users\Godot\Documents\GitHub\TSICIII_Practicas\Practica1\Library\PackageCache\com.unity.visualscripting@1.8.0\Editor\VisualScripting.Core\Dependencies\DotNetZip\Unity.VisualScripting.IonicZip.dll
Native extension for WindowsStandalone target not found
Native extension for Android target not found
Refreshing native plugins compatible for Editor in 0.55 ms, found 3 plugins.
Preloading 0 native plugins for Editor in 0.00 ms.
Package Manager log level set to [2]
Mono: successfully reloaded assembly
- Completed reload, in  1.164 seconds
Domain Reload Profiling:
	ReloadAssembly (1164ms)
		BeginReloadAssembly (116ms)
			ExecutionOrderSort (0ms)
			DisableScriptedObjects (8ms)
			BackupInstance (0ms)
			ReleaseScriptingObjects (0ms)
			CreateAndSetChildDomain (23ms)
		EndReloadAssembly (914ms)
			LoadAssemblies (81ms)
			RebuildTransferFunctionScriptingTraits (0ms)
			SetupTypeCache (306ms)
			ReleaseScriptCaches (1ms)
			RebuildScriptCaches (62ms)
			SetupLoadedEditorAssemblies (395ms)
				LogAssemblyErrors (0ms)
				InitializePlatformSupportModulesInManaged (24ms)
				SetLoadedEditorAssemblies (1ms)
				RefreshPlugins (1ms)
				BeforeProcessingInitializeOnLoad (99ms)
				ProcessInitializeOnLoadAttributes (237ms)
				ProcessInitializeOnLoadMethodAttributes (22ms)
				AfterProcessingInitializeOnLoad (11ms)
				EditorAssembliesLoaded (0ms)
			ExecutionOrderSort2 (0ms)
			AwakeInstancesAfterBackupRestoration (7ms)
Platform modules already initialized, skipping
========================================================================
Worker process is ready to serve import requests
Launched and connected shader compiler UnityShaderCompiler.exe after 0.04 seconds
Refreshing native plugins compatible for Editor in 0.87 ms, found 3 plugins.
Preloading 0 native plugins for Editor in 0.00 ms.
Unloading 3151 Unused Serialized files (Serialized files now loaded: 0)
Unloading 24 unused Assets / (46.3 KB). Loaded Objects now: 3622.
Memory consumption went from 116.3 MB to 116.2 MB.
Total: 3.264200 ms (FindLiveObjects: 0.422200 ms CreateObjectMapping: 0.111500 ms MarkObjects: 2.655300 ms  DeleteObjects: 0.074000 ms)

AssetImportParameters requested are different than current active one (requested -> active):
  custom:video-decoder-ogg-theora: a1e56fd34408186e4bbccfd4996cb3dc -> 
  custom:container-muxer-webm: aa71ff27fc2769a1b78a27578f13a17b -> 
  custom:container-demuxer-webm: 4f35f7cbe854078d1ac9338744f61a02 -> 
  custom:video-encoder-webm-vp8: eb34c28f22e8b96e1ab97ce403110664 -> 
  custom:CustomObjectIndexerAttribute: bc11b3a6c3213fcdd17b65e7da85e133 -> 
  custom:audio-encoder-webm-vorbis: bf7c407c2cedff20999df2af8eb42d56 -> 
  custom:framework-win-MediaFoundation: 216162199b28c13a410421893ffa2e32 -> 
  custom:container-demuxer-ogg: 62fdf1f143b41e24485cea50d1cbac27 -> 
  custom:video-decoder-webm-vp8: 9c59270c3fd7afecdb556c50c9e8de78 -> 
  custom:audio-decoder-ogg-vorbis: bf7c407c2cedff20999df2af8eb42d56 -> 
========================================================================
Received Import Request.
  Time since last request: 98093.240561 seconds.
  path: Assets/Models/AR/textures/aircon2.png
  artifactKey: Guid(db2d2ffff3f4b7148bacd3199a18fe03) Importer(815301076,1909f56bfc062723c751e8b465ee728b)
Start importing Assets/Models/AR/textures/aircon2.png using Guid(db2d2ffff3f4b7148bacd3199a18fe03) Importer(815301076,1909f56bfc062723c751e8b465ee728b)  -> (artifact id: '2f88d43c33be30d1da830572eafe1fa6') in 0.207240 seconds 
========================================================================
Received Import Request.
  Time since last request: 0.000026 seconds.
  path: Assets/Models/AR/textures/Taillight_Normal_1.png
  artifactKey: Guid(b25bb5e1acb905f4f9d53a58aa1483be) Importer(815301076,1909f56bfc062723c751e8b465ee728b)
Start importing Assets/Models/AR/textures/Taillight_Normal_1.png using Guid(b25bb5e1acb905f4f9d53a58aa1483be) Importer(815301076,1909f56bfc062723c751e8b465ee728b)  -> (artifact id: 'c76d042bcc8043d207576525ba3ff3bc') in 0.024703 seconds 
========================================================================
Received Import Request.
  Time since last request: 0.000034 seconds.
  path: Assets/Models/AR/textures/dash_plastic01.png
  artifactKey: Guid(e112843b96c4d9243b7e61be704948db) Importer(815301076,1909f56bfc062723c751e8b465ee728b)
Start importing Assets/Models/AR/textures/dash_plastic01.png using Guid(e112843b96c4d9243b7e61be704948db) Importer(815301076,1909f56bfc062723c751e8b465ee728b)  -> (artifact id: '1360aba282e099f0c8b7f5a3f73a3b84') in 0.036466 seconds 
========================================================================
Received Import Request.
  Time since last request: 0.000024 seconds.
  path: Assets/Models/AR/textures/Rim_LOGO_BASE.png
  artifactKey: Guid(08df9c92832ab8f49adf1b58f9989ff4) Importer(815301076,1909f56bfc062723c751e8b465ee728b)
Start importing Assets/Models/AR/textures/Rim_LOGO_BASE.png using Guid(08df9c92832ab8f49adf1b58f9989ff4) Importer(815301076,1909f56bfc062723c751e8b465ee728b)  -> (artifact id: 'b174ec96fcef5045a7771e99e5c8595f') in 0.035760 seconds 
========================================================================
Received Import Request.
  Time since last request: 0.000020 seconds.
  path: Assets/Models/AR/textures/fer_portofino_18_symbols_diff.png
  artifactKey: Guid(0897afac824f0284281f397ea6388e86) Importer(815301076,1909f56bfc062723c751e8b465ee728b)
Start importing Assets/Models/AR/textures/fer_portofino_18_symbols_diff.png using Guid(0897afac824f0284281f397ea6388e86) Importer(815301076,1909f56bfc062723c751e8b465ee728b)  -> (artifact id: 'f105d0019631a656f98c3ae4156c432e') in 0.036503 seconds 
========================================================================
Received Import Request.
  Time since last request: 0.000027 seconds.
  path: Assets/Models/AR/textures/gauges_temperatura.png
  artifactKey: Guid(edc27db478bf0e54bb0299e66e16ff0a) Importer(815301076,1909f56bfc062723c751e8b465ee728b)
Start importing Assets/Models/AR/textures/gauges_temperatura.png using Guid(edc27db478bf0e54bb0299e66e16ff0a) Importer(815301076,1909f56bfc062723c751e8b465ee728b)  -> (artifact id: '0b7ce2058e346dae8a343f38f39d1d29') in 0.035779 seconds 
========================================================================
Received Import Request.
  Time since last request: 0.000028 seconds.
  path: Assets/Models/AR/textures/CINZEIRO_AO.png
  artifactKey: Guid(1ac4fca98c19a3d44815a1e9c67c1175) Importer(815301076,1909f56bfc062723c751e8b465ee728b)
Start importing Assets/Models/AR/textures/CINZEIRO_AO.png using Guid(1ac4fca98c19a3d44815a1e9c67c1175) Importer(815301076,1909f56bfc062723c751e8b465ee728b)  -> (artifact id: '45fbee9b20ab8f9ccaa6e3b8926f4f3a') in 0.025755 seconds 
========================================================================
Received Import Request.
  Time since last request: 0.000026 seconds.
  path: Assets/Models/AR/textures/Logo_COLOR.png
  artifactKey: Guid(a5f40d81de8a2ef4b95d06e5cbe8376c) Importer(815301076,1909f56bfc062723c751e8b465ee728b)
Start importing Assets/Models/AR/textures/Logo_COLOR.png using Guid(a5f40d81de8a2ef4b95d06e5cbe8376c) Importer(815301076,1909f56bfc062723c751e8b465ee728b)  -> (artifact id: 'ed3903aade4bc0bf42bef4ca868534ce') in 0.031819 seconds 
========================================================================
Received Import Request.
  Time since last request: 0.000027 seconds.
  path: Assets/Models/AR/textures/Wood.png
  artifactKey: Guid(2e5af9d864b4e3945a3c07288cbd114b) Importer(815301076,1909f56bfc062723c751e8b465ee728b)
Start importing Assets/Models/AR/textures/Wood.png using Guid(2e5af9d864b4e3945a3c07288cbd114b) Importer(815301076,1909f56bfc062723c751e8b465ee728b)  -> (artifact id: 'bc950d96575296e82dec540a2f7371f2') in 0.037378 seconds 
========================================================================
Received Import Request.
  Time since last request: 0.000041 seconds.
  path: Assets/Models/AR/textures/vidros_red.png
  artifactKey: Guid(f819180ddc25f714e9c7f2ba237da54c) Importer(815301076,1909f56bfc062723c751e8b465ee728b)
Start importing Assets/Models/AR/textures/vidros_red.png using Guid(f819180ddc25f714e9c7f2ba237da54c) Importer(815301076,1909f56bfc062723c751e8b465ee728b)  -> (artifact id: '2fc1d0b96afb4d6a4c498beb62b74404') in 0.028275 seconds 
========================================================================
Received Import Request.
  Time since last request: 0.000025 seconds.
  path: Assets/Models/AR/textures/TEssuto.png
  artifactKey: Guid(cd961ea290da1de4aa565a07d653d1c5) Importer(815301076,1909f56bfc062723c751e8b465ee728b)
Start importing Assets/Models/AR/textures/TEssuto.png using Guid(cd961ea290da1de4aa565a07d653d1c5) Importer(815301076,1909f56bfc062723c751e8b465ee728b)  -> (artifact id: 'e73c49b2b345fefae088ff2865bd19e9') in 0.027103 seconds 
