Using pre-set license
Built from '2021.3/staging' branch; Version is '2021.3.29f1 (204d6dc9ae1c) revision 2116973'; Using compiler version '192829333'; Build Type 'Release'
OS: 'Windows 10  (10.0.19045) 64bit Professional' Language: 'es' Physical Memory: 32509 MB
BatchMode: 1, IsHumanControllingUs: 0, StartBugReporterOnCrash: 0, Is64bit: 1, IsPro: 1

COMMAND LINE ARGUMENTS:
C:\Program Files\Unity\Hub\Editor\2021.3.29f1\Editor\Unity.exe
-adb2
-batchMode
-noUpm
-name
AssetImportWorker1
-projectPath
C:/Users/Godot/Documents/GitHub/TSICIII_Practicas/Practica1
-logFile
Logs/AssetImportWorker1.log
-srvPort
49656
Successfully changed project path to: C:/Users/Godot/Documents/GitHub/TSICIII_Practicas/Practica1
C:/Users/Godot/Documents/GitHub/TSICIII_Practicas/Practica1
[UnityMemory] Configuration Parameters - Can be set up in boot.config
    "memorysetup-bucket-allocator-granularity=16"
    "memorysetup-bucket-allocator-bucket-count=8"
    "memorysetup-bucket-allocator-block-size=33554432"
    "memorysetup-bucket-allocator-block-count=8"
    "memorysetup-main-allocator-block-size=16777216"
    "memorysetup-thread-allocator-block-size=16777216"
    "memorysetup-gfx-main-allocator-block-size=16777216"
    "memorysetup-gfx-thread-allocator-block-size=16777216"
    "memorysetup-cache-allocator-block-size=4194304"
    "memorysetup-typetree-allocator-block-size=2097152"
    "memorysetup-profiler-bucket-allocator-granularity=16"
    "memorysetup-profiler-bucket-allocator-bucket-count=8"
    "memorysetup-profiler-bucket-allocator-block-size=33554432"
    "memorysetup-profiler-bucket-allocator-block-count=8"
    "memorysetup-profiler-allocator-block-size=16777216"
    "memorysetup-profiler-editor-allocator-block-size=1048576"
    "memorysetup-temp-allocator-size-main=16777216"
    "memorysetup-job-temp-allocator-block-size=2097152"
    "memorysetup-job-temp-allocator-block-size-background=1048576"
    "memorysetup-job-temp-allocator-reduction-small-platforms=262144"
    "memorysetup-temp-allocator-size-background-worker=32768"
    "memorysetup-temp-allocator-size-job-worker=262144"
    "memorysetup-temp-allocator-size-preload-manager=33554432"
    "memorysetup-temp-allocator-size-nav-mesh-worker=65536"
    "memorysetup-temp-allocator-size-audio-worker=65536"
    "memorysetup-temp-allocator-size-cloud-worker=32768"
    "memorysetup-temp-allocator-size-gi-baking-worker=262144"
    "memorysetup-temp-allocator-size-gfx=262144"
Player connection [25464] Host "[IP] 192.168.186.1 [Port] 0 [Flags] 2 [Guid] 1418569273 [EditorId] 1418569273 [Version] 1048832 [Id] WindowsEditor(7,DESKTOP-2RED3C4) [Debug] 1 [PackageName] WindowsEditor [ProjectName] Editor" joined multi-casting on [225.0.0.222:54997]...

Player connection [25464] Host "[IP] 192.168.186.1 [Port] 0 [Flags] 2 [Guid] 1418569273 [EditorId] 1418569273 [Version] 1048832 [Id] WindowsEditor(7,DESKTOP-2RED3C4) [Debug] 1 [PackageName] WindowsEditor [ProjectName] Editor" joined alternative multi-casting on [225.0.0.222:34997]...

Refreshing native plugins compatible for Editor in 81.57 ms, found 3 plugins.
Preloading 0 native plugins for Editor in 0.00 ms.
Initialize engine version: 2021.3.29f1 (204d6dc9ae1c)
[Subsystems] Discovering subsystems at path C:/Program Files/Unity/Hub/Editor/2021.3.29f1/Editor/Data/Resources/UnitySubsystems
[Subsystems] Discovering subsystems at path C:/Users/Godot/Documents/GitHub/TSICIII_Practicas/Practica1/Assets
GfxDevice: creating device client; threaded=0; jobified=0
Direct3D:
    Version:  Direct3D 11.0 [level 11.1]
    Renderer: NVIDIA GeForce RTX 4070 (ID=0x2786)
    Vendor:   NVIDIA
    VRAM:     12026 MB
    Driver:   31.0.15.3713
Initialize mono
Mono path[0] = 'C:/Program Files/Unity/Hub/Editor/2021.3.29f1/Editor/Data/Managed'
Mono path[1] = 'C:/Program Files/Unity/Hub/Editor/2021.3.29f1/Editor/Data/MonoBleedingEdge/lib/mono/unityjit-win32'
Mono config path = 'C:/Program Files/Unity/Hub/Editor/2021.3.29f1/Editor/Data/MonoBleedingEdge/etc'
Using monoOptions --debugger-agent=transport=dt_socket,embedding=1,server=y,suspend=n,address=127.0.0.1:56144
Begin MonoManager ReloadAssembly
Registering precompiled unity dll's ...
Register platform support module: C:/Program Files/Unity/Hub/Editor/2021.3.29f1/Editor/Data/PlaybackEngines/AndroidPlayer/UnityEditor.Android.Extensions.dll
Register platform support module: C:/Program Files/Unity/Hub/Editor/2021.3.29f1/Editor/Data/PlaybackEngines/WindowsStandaloneSupport/UnityEditor.WindowsStandalone.Extensions.dll
Registered in 0.008487 seconds.
Native extension for WindowsStandalone target not found
Native extension for Android target not found
Android Extension - Scanning For ADB Devices 246 ms
Refreshing native plugins compatible for Editor in 81.23 ms, found 3 plugins.
Preloading 0 native plugins for Editor in 0.00 ms.
Mono: successfully reloaded assembly
- Completed reload, in  0.950 seconds
Domain Reload Profiling:
	ReloadAssembly (951ms)
		BeginReloadAssembly (68ms)
			ExecutionOrderSort (0ms)
			DisableScriptedObjects (0ms)
			BackupInstance (0ms)
			ReleaseScriptingObjects (0ms)
			CreateAndSetChildDomain (0ms)
		EndReloadAssembly (774ms)
			LoadAssemblies (68ms)
			RebuildTransferFunctionScriptingTraits (0ms)
			SetupTypeCache (113ms)
			ReleaseScriptCaches (0ms)
			RebuildScriptCaches (29ms)
			SetupLoadedEditorAssemblies (574ms)
				LogAssemblyErrors (0ms)
				InitializePlatformSupportModulesInManaged (344ms)
				SetLoadedEditorAssemblies (0ms)
				RefreshPlugins (81ms)
				BeforeProcessingInitializeOnLoad (2ms)
				ProcessInitializeOnLoadAttributes (96ms)
				ProcessInitializeOnLoadMethodAttributes (50ms)
				AfterProcessingInitializeOnLoad (0ms)
				EditorAssembliesLoaded (0ms)
			ExecutionOrderSort2 (0ms)
			AwakeInstancesAfterBackupRestoration (0ms)
Platform modules already initialized, skipping
Registering precompiled user dll's ...
Registered in 0.005892 seconds.
Begin MonoManager ReloadAssembly
Symbol file LoadedFromMemory doesn't match image C:\Users\Godot\Documents\GitHub\TSICIII_Practicas\Practica1\Library\PackageCache\com.unity.visualscripting@1.8.0\Editor\VisualScripting.Core\Dependencies\YamlDotNet\Unity.VisualScripting.YamlDotNet.dll
Symbol file LoadedFromMemory doesn't match image C:\Users\Godot\Documents\GitHub\TSICIII_Practicas\Practica1\Library\PackageCache\com.unity.visualscripting@1.8.0\Editor\VisualScripting.Core\Dependencies\DotNetZip\Unity.VisualScripting.IonicZip.dll
Native extension for WindowsStandalone target not found
Native extension for Android target not found
Refreshing native plugins compatible for Editor in 0.53 ms, found 3 plugins.
Preloading 0 native plugins for Editor in 0.00 ms.
Package Manager log level set to [2]
Mono: successfully reloaded assembly
- Completed reload, in  1.142 seconds
Domain Reload Profiling:
	ReloadAssembly (1143ms)
		BeginReloadAssembly (132ms)
			ExecutionOrderSort (0ms)
			DisableScriptedObjects (7ms)
			BackupInstance (0ms)
			ReleaseScriptingObjects (0ms)
			CreateAndSetChildDomain (19ms)
		EndReloadAssembly (890ms)
			LoadAssemblies (105ms)
			RebuildTransferFunctionScriptingTraits (0ms)
			SetupTypeCache (289ms)
			ReleaseScriptCaches (0ms)
			RebuildScriptCaches (57ms)
			SetupLoadedEditorAssemblies (397ms)
				LogAssemblyErrors (0ms)
				InitializePlatformSupportModulesInManaged (24ms)
				SetLoadedEditorAssemblies (1ms)
				RefreshPlugins (1ms)
				BeforeProcessingInitializeOnLoad (98ms)
				ProcessInitializeOnLoadAttributes (242ms)
				ProcessInitializeOnLoadMethodAttributes (22ms)
				AfterProcessingInitializeOnLoad (10ms)
				EditorAssembliesLoaded (0ms)
			ExecutionOrderSort2 (0ms)
			AwakeInstancesAfterBackupRestoration (7ms)
Platform modules already initialized, skipping
========================================================================
Worker process is ready to serve import requests
Launched and connected shader compiler UnityShaderCompiler.exe after 0.04 seconds
Refreshing native plugins compatible for Editor in 0.70 ms, found 3 plugins.
Preloading 0 native plugins for Editor in 0.00 ms.
Unloading 3151 Unused Serialized files (Serialized files now loaded: 0)
Unloading 24 unused Assets / (46.3 KB). Loaded Objects now: 3622.
Memory consumption went from 115.7 MB to 115.7 MB.
Total: 2.256600 ms (FindLiveObjects: 0.180500 ms CreateObjectMapping: 0.081800 ms MarkObjects: 1.936100 ms  DeleteObjects: 0.057600 ms)

AssetImportParameters requested are different than current active one (requested -> active):
  custom:video-decoder-ogg-theora: a1e56fd34408186e4bbccfd4996cb3dc -> 
  custom:container-muxer-webm: aa71ff27fc2769a1b78a27578f13a17b -> 
  custom:container-demuxer-webm: 4f35f7cbe854078d1ac9338744f61a02 -> 
  custom:video-encoder-webm-vp8: eb34c28f22e8b96e1ab97ce403110664 -> 
  custom:audio-encoder-webm-vorbis: bf7c407c2cedff20999df2af8eb42d56 -> 
  custom:framework-win-MediaFoundation: 216162199b28c13a410421893ffa2e32 -> 
  custom:container-demuxer-ogg: 62fdf1f143b41e24485cea50d1cbac27 -> 
  custom:video-decoder-webm-vp8: 9c59270c3fd7afecdb556c50c9e8de78 -> 
  custom:audio-decoder-ogg-vorbis: bf7c407c2cedff20999df2af8eb42d56 -> 
========================================================================
Received Prepare
Refreshing native plugins compatible for Editor in 4.22 ms, found 3 plugins.
Preloading 0 native plugins for Editor in 0.00 ms.
Unloading 16 Unused Serialized files (Serialized files now loaded: 0)
Unloading 16 unused Assets / (21.9 KB). Loaded Objects now: 3622.
Memory consumption went from 52.0 MB to 52.0 MB.
Total: 2.555400 ms (FindLiveObjects: 0.410400 ms CreateObjectMapping: 0.101600 ms MarkObjects: 2.028400 ms  DeleteObjects: 0.014100 ms)

AssetImportParameters requested are different than current active one (requested -> active):
  custom:video-decoder-ogg-theora: a1e56fd34408186e4bbccfd4996cb3dc -> 
  custom:container-muxer-webm: aa71ff27fc2769a1b78a27578f13a17b -> 
  custom:container-demuxer-webm: 4f35f7cbe854078d1ac9338744f61a02 -> 
  custom:video-encoder-webm-vp8: eb34c28f22e8b96e1ab97ce403110664 -> 
  custom:CustomObjectIndexerAttribute: bc11b3a6c3213fcdd17b65e7da85e133 -> 
  custom:audio-encoder-webm-vorbis: bf7c407c2cedff20999df2af8eb42d56 -> 
  custom:framework-win-MediaFoundation: 216162199b28c13a410421893ffa2e32 -> 
  custom:container-demuxer-ogg: 62fdf1f143b41e24485cea50d1cbac27 -> 
  custom:video-decoder-webm-vp8: 9c59270c3fd7afecdb556c50c9e8de78 -> 
  custom:audio-decoder-ogg-vorbis: bf7c407c2cedff20999df2af8eb42d56 -> 
========================================================================
Received Import Request.
  Time since last request: 98075.897717 seconds.
  path: Assets/Materials/Seamless-Road-Texture1.mat
  artifactKey: Guid(b2ccd637fd4d60349a6b33efe7d5d92d) Importer(815301076,1909f56bfc062723c751e8b465ee728b)
Start importing Assets/Materials/Seamless-Road-Texture1.mat using Guid(b2ccd637fd4d60349a6b33efe7d5d92d) Importer(815301076,1909f56bfc062723c751e8b465ee728b)  -> (artifact id: 'f1da5a3c5ede42bd41bf575a4fdec791') in 0.192871 seconds 
========================================================================
Received Import Request.
  Time since last request: 10.944008 seconds.
  path: Assets/Models/AR/Materials/chrome.mat
  artifactKey: Guid(f630173de9f30754093999669aabed1b) Importer(815301076,1909f56bfc062723c751e8b465ee728b)
Start importing Assets/Models/AR/Materials/chrome.mat using Guid(f630173de9f30754093999669aabed1b) Importer(815301076,1909f56bfc062723c751e8b465ee728b)  -> (artifact id: '06559c948b296e62162618c30b864535') in 0.080364 seconds 
========================================================================
Received Import Request.
  Time since last request: 0.000037 seconds.
  path: Assets/Models/AR/Materials/rgbaff5c00ff.mat
  artifactKey: Guid(ce85555e380b3ac4ab42e0c01cfdd7e4) Importer(815301076,1909f56bfc062723c751e8b465ee728b)
Start importing Assets/Models/AR/Materials/rgbaff5c00ff.mat using Guid(ce85555e380b3ac4ab42e0c01cfdd7e4) Importer(815301076,1909f56bfc062723c751e8b465ee728b)  -> (artifact id: '12bc4d7932e58148e1d62037a9a63fd6') in 0.169643 seconds 
========================================================================
Received Import Request.
  Time since last request: 0.000024 seconds.
  path: Assets/Models/AR/Materials/leather.mat
  artifactKey: Guid(595301f5707fc8c438d503ddca1b4996) Importer(815301076,1909f56bfc062723c751e8b465ee728b)
Start importing Assets/Models/AR/Materials/leather.mat using Guid(595301f5707fc8c438d503ddca1b4996) Importer(815301076,1909f56bfc062723c751e8b465ee728b)  -> (artifact id: '913b45623b96235a123eef3b688fc209') in 0.015840 seconds 
========================================================================
Received Import Request.
  Time since last request: 0.000042 seconds.
  path: Assets/Models/AR/Materials/plastic_black.mat
  artifactKey: Guid(5d014fda8893217419fb3d86ae3d727a) Importer(815301076,1909f56bfc062723c751e8b465ee728b)
Start importing Assets/Models/AR/Materials/plastic_black.mat using Guid(5d014fda8893217419fb3d86ae3d727a) Importer(815301076,1909f56bfc062723c751e8b465ee728b)  -> (artifact id: '1c57f8f47b1e731bab8dbe57a1092446') in 0.012419 seconds 
========================================================================
Received Import Request.
  Time since last request: 0.000016 seconds.
  path: Assets/Models/AR/Materials/window_fora.mat
  artifactKey: Guid(6fa3cbe6dd0069242a2ea93c917c62dd) Importer(815301076,1909f56bfc062723c751e8b465ee728b)
Start importing Assets/Models/AR/Materials/window_fora.mat using Guid(6fa3cbe6dd0069242a2ea93c917c62dd) Importer(815301076,1909f56bfc062723c751e8b465ee728b)  -> (artifact id: '0653d2619e5a0e07a96231782129036a') in 0.013409 seconds 
========================================================================
Received Import Request.
  Time since last request: 0.000019 seconds.
  path: Assets/Models/AR/Materials/window_ext.mat
  artifactKey: Guid(8edc07519c2a0ad4c95ca3804bc7f2cd) Importer(815301076,1909f56bfc062723c751e8b465ee728b)
Start importing Assets/Models/AR/Materials/window_ext.mat using Guid(8edc07519c2a0ad4c95ca3804bc7f2cd) Importer(815301076,1909f56bfc062723c751e8b465ee728b)  -> (artifact id: 'a86fe62e5c3d470be4e3487d7b2f6c0d') in 0.013105 seconds 
========================================================================
Received Import Request.
  Time since last request: 5.873636 seconds.
  path: Assets/Models/AR/textures/aircon1.png
  artifactKey: Guid(2d570538daae52e41acb72d0ada20f8b) Importer(815301076,1909f56bfc062723c751e8b465ee728b)
Start importing Assets/Models/AR/textures/aircon1.png using Guid(2d570538daae52e41acb72d0ada20f8b) Importer(815301076,1909f56bfc062723c751e8b465ee728b)  -> (artifact id: '771472afe859f500a3d846dfbff735bf') in 0.094539 seconds 
========================================================================
Received Import Request.
  Time since last request: 0.000027 seconds.
  path: Assets/Models/AR/textures/chrome.png
  artifactKey: Guid(4bf4b41c13798d04db369c4c466b6e66) Importer(815301076,1909f56bfc062723c751e8b465ee728b)
Start importing Assets/Models/AR/textures/chrome.png using Guid(4bf4b41c13798d04db369c4c466b6e66) Importer(815301076,1909f56bfc062723c751e8b465ee728b)  -> (artifact id: '42978e1662919c98f4f60fe4bf4d7a02') in 0.043204 seconds 
========================================================================
Received Import Request.
  Time since last request: 0.000036 seconds.
  path: Assets/Models/AR/textures/Logo_NM.png
  artifactKey: Guid(21b516ccbc82d4148a1af4ade12c074f) Importer(815301076,1909f56bfc062723c751e8b465ee728b)
Start importing Assets/Models/AR/textures/Logo_NM.png using Guid(21b516ccbc82d4148a1af4ade12c074f) Importer(815301076,1909f56bfc062723c751e8b465ee728b)  -> (artifact id: '1acc8a2c006b8b3b8df2a350e2933e08') in 0.034345 seconds 
========================================================================
Received Import Request.
  Time since last request: 0.000031 seconds.
  path: Assets/Models/AR/textures/CARPETE_AO.png
  artifactKey: Guid(54cfdd7fe6adc0f44b354a23158e6de9) Importer(815301076,1909f56bfc062723c751e8b465ee728b)
Start importing Assets/Models/AR/textures/CARPETE_AO.png using Guid(54cfdd7fe6adc0f44b354a23158e6de9) Importer(815301076,1909f56bfc062723c751e8b465ee728b)  -> (artifact id: '177f15b5eac9ede2c68504d250feb576') in 0.045632 seconds 
========================================================================
Received Import Request.
  Time since last request: 0.000037 seconds.
  path: Assets/Models/AR/textures/headlight_body.png
  artifactKey: Guid(dba604ea3fb130d4ba13f66f3f5691b6) Importer(815301076,1909f56bfc062723c751e8b465ee728b)
Start importing Assets/Models/AR/textures/headlight_body.png using Guid(dba604ea3fb130d4ba13f66f3f5691b6) Importer(815301076,1909f56bfc062723c751e8b465ee728b)  -> (artifact id: '54019e494afa08b3145cca7ab4ed8a52') in 0.045769 seconds 
========================================================================
Received Import Request.
  Time since last request: 0.000023 seconds.
  path: Assets/Models/AR/textures/minimos.png
  artifactKey: Guid(f59d58d0a5bfca54596a07674190738d) Importer(815301076,1909f56bfc062723c751e8b465ee728b)
Start importing Assets/Models/AR/textures/minimos.png using Guid(f59d58d0a5bfca54596a07674190738d) Importer(815301076,1909f56bfc062723c751e8b465ee728b)  -> (artifact id: '97ee25a72bf2294a30eb9f6e7f2a43e2') in 0.029684 seconds 
========================================================================
Received Import Request.
  Time since last request: 0.000026 seconds.
  path: Assets/Models/AR/textures/luz_nevoeiro.png
  artifactKey: Guid(591efcf1a76418a4aa1d0c34f5216f43) Importer(815301076,1909f56bfc062723c751e8b465ee728b)
Start importing Assets/Models/AR/textures/luz_nevoeiro.png using Guid(591efcf1a76418a4aa1d0c34f5216f43) Importer(815301076,1909f56bfc062723c751e8b465ee728b)  -> (artifact id: '99c55b8db1dd1015ee7cfc2f5cc8def0') in 0.024391 seconds 
========================================================================
Received Import Request.
  Time since last request: 0.000033 seconds.
  path: Assets/Models/AR/textures/espvector.png
  artifactKey: Guid(08cd49daa5ad9cb4ca0798c653c58618) Importer(815301076,1909f56bfc062723c751e8b465ee728b)
Start importing Assets/Models/AR/textures/espvector.png using Guid(08cd49daa5ad9cb4ca0798c653c58618) Importer(815301076,1909f56bfc062723c751e8b465ee728b)  -> (artifact id: 'df56a707ae1535eebf6a61e8aba156ba') in 0.049745 seconds 
========================================================================
Received Import Request.
  Time since last request: 0.000024 seconds.
  path: Assets/Models/AR/textures/plastic_black.png
  artifactKey: Guid(9a55239a9c552e44a9d7678abbe3dce6) Importer(815301076,1909f56bfc062723c751e8b465ee728b)
Start importing Assets/Models/AR/textures/plastic_black.png using Guid(9a55239a9c552e44a9d7678abbe3dce6) Importer(815301076,1909f56bfc062723c751e8b465ee728b)  -> (artifact id: 'ce46725c993c39e0d5fbd76cb2493bf3') in 0.026739 seconds 
========================================================================
Received Import Request.
  Time since last request: 0.000054 seconds.
  path: Assets/Models/AR/textures/temperature_gauge.png
  artifactKey: Guid(b0a5c0003ebf9eb40a1ee1de307c74bd) Importer(815301076,1909f56bfc062723c751e8b465ee728b)
Start importing Assets/Models/AR/textures/temperature_gauge.png using Guid(b0a5c0003ebf9eb40a1ee1de307c74bd) Importer(815301076,1909f56bfc062723c751e8b465ee728b)  -> (artifact id: '3318e0988b6fc31ab460cd269432f0fd') in 0.046365 seconds 
========================================================================
Received Import Request.
  Time since last request: 0.000036 seconds.
  path: Assets/Models/AR/textures/esp.png
  artifactKey: Guid(58c7c43ca400a144799079d8f09d5b4f) Importer(815301076,1909f56bfc062723c751e8b465ee728b)
Start importing Assets/Models/AR/textures/esp.png using Guid(58c7c43ca400a144799079d8f09d5b4f) Importer(815301076,1909f56bfc062723c751e8b465ee728b)  -> (artifact id: 'd47def3f0d6d8d2063c3ad9fec715c0d') in 0.031366 seconds 
========================================================================
Received Import Request.
  Time since last request: 0.000029 seconds.
  path: Assets/Models/AR/textures/Display_km.png
  artifactKey: Guid(10ce7f6cb2a15aa44b0237f4a3400371) Importer(815301076,1909f56bfc062723c751e8b465ee728b)
Start importing Assets/Models/AR/textures/Display_km.png using Guid(10ce7f6cb2a15aa44b0237f4a3400371) Importer(815301076,1909f56bfc062723c751e8b465ee728b)  -> (artifact id: '0069372c999c448223d0b593a14c692c') in 0.031457 seconds 
