Using pre-set license
Built from '2021.3/staging' branch; Version is '2021.3.29f1 (204d6dc9ae1c) revision 2116973'; Using compiler version '192829333'; Build Type 'Release'
OS: 'Windows 10  (10.0.19045) 64bit Professional' Language: 'es' Physical Memory: 32509 MB
BatchMode: 1, IsHumanControllingUs: 0, StartBugReporterOnCrash: 0, Is64bit: 1, IsPro: 1

COMMAND LINE ARGUMENTS:
C:\Program Files\Unity\Hub\Editor\2021.3.29f1\Editor\Unity.exe
-adb2
-batchMode
-noUpm
-name
AssetImportWorker0
-projectPath
C:/Users/Godot/Documents/GitHub/TSICIII_Practicas/Practica1
-logFile
Logs/AssetImportWorker0.log
-srvPort
49656
Successfully changed project path to: C:/Users/Godot/Documents/GitHub/TSICIII_Practicas/Practica1
C:/Users/Godot/Documents/GitHub/TSICIII_Practicas/Practica1
[UnityMemory] Configuration Parameters - Can be set up in boot.config
    "memorysetup-bucket-allocator-granularity=16"
    "memorysetup-bucket-allocator-bucket-count=8"
    "memorysetup-bucket-allocator-block-size=33554432"
    "memorysetup-bucket-allocator-block-count=8"
    "memorysetup-main-allocator-block-size=16777216"
    "memorysetup-thread-allocator-block-size=16777216"
    "memorysetup-gfx-main-allocator-block-size=16777216"
    "memorysetup-gfx-thread-allocator-block-size=16777216"
    "memorysetup-cache-allocator-block-size=4194304"
    "memorysetup-typetree-allocator-block-size=2097152"
    "memorysetup-profiler-bucket-allocator-granularity=16"
    "memorysetup-profiler-bucket-allocator-bucket-count=8"
    "memorysetup-profiler-bucket-allocator-block-size=33554432"
    "memorysetup-profiler-bucket-allocator-block-count=8"
    "memorysetup-profiler-allocator-block-size=16777216"
    "memorysetup-profiler-editor-allocator-block-size=1048576"
    "memorysetup-temp-allocator-size-main=16777216"
    "memorysetup-job-temp-allocator-block-size=2097152"
    "memorysetup-job-temp-allocator-block-size-background=1048576"
    "memorysetup-job-temp-allocator-reduction-small-platforms=262144"
    "memorysetup-temp-allocator-size-background-worker=32768"
    "memorysetup-temp-allocator-size-job-worker=262144"
    "memorysetup-temp-allocator-size-preload-manager=33554432"
    "memorysetup-temp-allocator-size-nav-mesh-worker=65536"
    "memorysetup-temp-allocator-size-audio-worker=65536"
    "memorysetup-temp-allocator-size-cloud-worker=32768"
    "memorysetup-temp-allocator-size-gi-baking-worker=262144"
    "memorysetup-temp-allocator-size-gfx=262144"
Player connection [27920] Host "[IP] 192.168.186.1 [Port] 0 [Flags] 2 [Guid] 1350573790 [EditorId] 1350573790 [Version] 1048832 [Id] WindowsEditor(7,DESKTOP-2RED3C4) [Debug] 1 [PackageName] WindowsEditor [ProjectName] Editor" joined multi-casting on [225.0.0.222:54997]...

Player connection [27920] Host "[IP] 192.168.186.1 [Port] 0 [Flags] 2 [Guid] 1350573790 [EditorId] 1350573790 [Version] 1048832 [Id] WindowsEditor(7,DESKTOP-2RED3C4) [Debug] 1 [PackageName] WindowsEditor [ProjectName] Editor" joined alternative multi-casting on [225.0.0.222:34997]...

Refreshing native plugins compatible for Editor in 82.74 ms, found 3 plugins.
Preloading 0 native plugins for Editor in 0.00 ms.
Initialize engine version: 2021.3.29f1 (204d6dc9ae1c)
[Subsystems] Discovering subsystems at path C:/Program Files/Unity/Hub/Editor/2021.3.29f1/Editor/Data/Resources/UnitySubsystems
[Subsystems] Discovering subsystems at path C:/Users/Godot/Documents/GitHub/TSICIII_Practicas/Practica1/Assets
GfxDevice: creating device client; threaded=0; jobified=0
Direct3D:
    Version:  Direct3D 11.0 [level 11.1]
    Renderer: NVIDIA GeForce RTX 4070 (ID=0x2786)
    Vendor:   NVIDIA
    VRAM:     12026 MB
    Driver:   31.0.15.3713
Initialize mono
Mono path[0] = 'C:/Program Files/Unity/Hub/Editor/2021.3.29f1/Editor/Data/Managed'
Mono path[1] = 'C:/Program Files/Unity/Hub/Editor/2021.3.29f1/Editor/Data/MonoBleedingEdge/lib/mono/unityjit-win32'
Mono config path = 'C:/Program Files/Unity/Hub/Editor/2021.3.29f1/Editor/Data/MonoBleedingEdge/etc'
Using monoOptions --debugger-agent=transport=dt_socket,embedding=1,server=y,suspend=n,address=127.0.0.1:56320
Begin MonoManager ReloadAssembly
Registering precompiled unity dll's ...
Register platform support module: C:/Program Files/Unity/Hub/Editor/2021.3.29f1/Editor/Data/PlaybackEngines/AndroidPlayer/UnityEditor.Android.Extensions.dll
Register platform support module: C:/Program Files/Unity/Hub/Editor/2021.3.29f1/Editor/Data/PlaybackEngines/WindowsStandaloneSupport/UnityEditor.WindowsStandalone.Extensions.dll
Registered in 0.008782 seconds.
Native extension for WindowsStandalone target not found
Native extension for Android target not found
Android Extension - Scanning For ADB Devices 242 ms
Refreshing native plugins compatible for Editor in 81.68 ms, found 3 plugins.
Preloading 0 native plugins for Editor in 0.00 ms.
Mono: successfully reloaded assembly
- Completed reload, in  0.967 seconds
Domain Reload Profiling:
	ReloadAssembly (968ms)
		BeginReloadAssembly (91ms)
			ExecutionOrderSort (0ms)
			DisableScriptedObjects (0ms)
			BackupInstance (0ms)
			ReleaseScriptingObjects (0ms)
			CreateAndSetChildDomain (1ms)
		EndReloadAssembly (766ms)
			LoadAssemblies (88ms)
			RebuildTransferFunctionScriptingTraits (0ms)
			SetupTypeCache (112ms)
			ReleaseScriptCaches (0ms)
			RebuildScriptCaches (29ms)
			SetupLoadedEditorAssemblies (569ms)
				LogAssemblyErrors (0ms)
				InitializePlatformSupportModulesInManaged (340ms)
				SetLoadedEditorAssemblies (0ms)
				RefreshPlugins (82ms)
				BeforeProcessingInitializeOnLoad (1ms)
				ProcessInitializeOnLoadAttributes (96ms)
				ProcessInitializeOnLoadMethodAttributes (49ms)
				AfterProcessingInitializeOnLoad (0ms)
				EditorAssembliesLoaded (0ms)
			ExecutionOrderSort2 (0ms)
			AwakeInstancesAfterBackupRestoration (0ms)
Platform modules already initialized, skipping
Registering precompiled user dll's ...
Registered in 0.006216 seconds.
Begin MonoManager ReloadAssembly
Symbol file LoadedFromMemory doesn't match image C:\Users\Godot\Documents\GitHub\TSICIII_Practicas\Practica1\Library\PackageCache\com.unity.visualscripting@1.8.0\Editor\VisualScripting.Core\Dependencies\YamlDotNet\Unity.VisualScripting.YamlDotNet.dll
Symbol file LoadedFromMemory doesn't match image C:\Users\Godot\Documents\GitHub\TSICIII_Practicas\Practica1\Library\PackageCache\com.unity.visualscripting@1.8.0\Editor\VisualScripting.Core\Dependencies\DotNetZip\Unity.VisualScripting.IonicZip.dll
Native extension for WindowsStandalone target not found
Native extension for Android target not found
Refreshing native plugins compatible for Editor in 0.63 ms, found 3 plugins.
Preloading 0 native plugins for Editor in 0.00 ms.
Package Manager log level set to [2]
Mono: successfully reloaded assembly
- Completed reload, in  1.141 seconds
Domain Reload Profiling:
	ReloadAssembly (1142ms)
		BeginReloadAssembly (129ms)
			ExecutionOrderSort (0ms)
			DisableScriptedObjects (6ms)
			BackupInstance (0ms)
			ReleaseScriptingObjects (0ms)
			CreateAndSetChildDomain (19ms)
		EndReloadAssembly (889ms)
			LoadAssemblies (103ms)
			RebuildTransferFunctionScriptingTraits (0ms)
			SetupTypeCache (287ms)
			ReleaseScriptCaches (0ms)
			RebuildScriptCaches (57ms)
			SetupLoadedEditorAssemblies (399ms)
				LogAssemblyErrors (0ms)
				InitializePlatformSupportModulesInManaged (23ms)
				SetLoadedEditorAssemblies (1ms)
				RefreshPlugins (1ms)
				BeforeProcessingInitializeOnLoad (99ms)
				ProcessInitializeOnLoadAttributes (243ms)
				ProcessInitializeOnLoadMethodAttributes (22ms)
				AfterProcessingInitializeOnLoad (10ms)
				EditorAssembliesLoaded (0ms)
			ExecutionOrderSort2 (0ms)
			AwakeInstancesAfterBackupRestoration (7ms)
Platform modules already initialized, skipping
========================================================================
Worker process is ready to serve import requests
Launched and connected shader compiler UnityShaderCompiler.exe after 0.04 seconds
Refreshing native plugins compatible for Editor in 0.43 ms, found 3 plugins.
Preloading 0 native plugins for Editor in 0.00 ms.
Unloading 3151 Unused Serialized files (Serialized files now loaded: 0)
Unloading 24 unused Assets / (46.3 KB). Loaded Objects now: 3622.
Memory consumption went from 115.6 MB to 115.6 MB.
Total: 1.982500 ms (FindLiveObjects: 0.178400 ms CreateObjectMapping: 0.077700 ms MarkObjects: 1.673900 ms  DeleteObjects: 0.051700 ms)

AssetImportParameters requested are different than current active one (requested -> active):
  custom:video-decoder-ogg-theora: a1e56fd34408186e4bbccfd4996cb3dc -> 
  custom:container-muxer-webm: aa71ff27fc2769a1b78a27578f13a17b -> 
  custom:container-demuxer-webm: 4f35f7cbe854078d1ac9338744f61a02 -> 
  custom:video-encoder-webm-vp8: eb34c28f22e8b96e1ab97ce403110664 -> 
  custom:audio-encoder-webm-vorbis: bf7c407c2cedff20999df2af8eb42d56 -> 
  custom:framework-win-MediaFoundation: 216162199b28c13a410421893ffa2e32 -> 
  custom:container-demuxer-ogg: 62fdf1f143b41e24485cea50d1cbac27 -> 
  custom:video-decoder-webm-vp8: 9c59270c3fd7afecdb556c50c9e8de78 -> 
  custom:audio-decoder-ogg-vorbis: bf7c407c2cedff20999df2af8eb42d56 -> 
========================================================================
Received Import Request.
  Time since last request: 97923.045626 seconds.
  path: Assets/Samples
  artifactKey: Guid(c4f2d931f016c01469afa7620543172f) Importer(815301076,1909f56bfc062723c751e8b465ee728b)
Start importing Assets/Samples using Guid(c4f2d931f016c01469afa7620543172f) Importer(815301076,1909f56bfc062723c751e8b465ee728b)  -> (artifact id: '3204bd6952728910f96f9744937480fe') in 0.013189 seconds 
========================================================================
Received Import Request.
  Time since last request: 0.480788 seconds.
  path: Assets/Scenes/SampleScene.unity
  artifactKey: Guid(9fc0d4010bbf28b4594072e72b8655ab) Importer(815301076,1909f56bfc062723c751e8b465ee728b)
Start importing Assets/Scenes/SampleScene.unity using Guid(9fc0d4010bbf28b4594072e72b8655ab) Importer(815301076,1909f56bfc062723c751e8b465ee728b)  -> (artifact id: '664b28de7b983487e71613181696ac02') in 0.010207 seconds 
========================================================================
Received Import Request.
  Time since last request: 2.615564 seconds.
  path: Assets/XR
  artifactKey: Guid(f720b5be154843d40ae2c95c830db39d) Importer(815301076,1909f56bfc062723c751e8b465ee728b)
Start importing Assets/XR using Guid(f720b5be154843d40ae2c95c830db39d) Importer(815301076,1909f56bfc062723c751e8b465ee728b)  -> (artifact id: '03f0bd7d1a3d213e2dbc758ec5edc3a1') in 0.009127 seconds 
========================================================================
Received Import Request.
  Time since last request: 0.048183 seconds.
  path: Assets/XR/XRGeneralSettingsPerBuildTarget.asset
  artifactKey: Guid(e2cdc71665a522645ad3b0ffd787d07f) Importer(815301076,1909f56bfc062723c751e8b465ee728b)
Start importing Assets/XR/XRGeneralSettingsPerBuildTarget.asset using Guid(e2cdc71665a522645ad3b0ffd787d07f) Importer(815301076,1909f56bfc062723c751e8b465ee728b)  -> (artifact id: '08b96de2479fca3aea1c48051a9b327a') in 0.055365 seconds 
========================================================================
Received Import Request.
  Time since last request: 0.814725 seconds.
  path: Assets/XR/Loaders
  artifactKey: Guid(da5d1752f96a34046881e7043d7711b6) Importer(815301076,1909f56bfc062723c751e8b465ee728b)
Start importing Assets/XR/Loaders using Guid(da5d1752f96a34046881e7043d7711b6) Importer(815301076,1909f56bfc062723c751e8b465ee728b)  -> (artifact id: '0226721d6c17e93b0bd527e8d7dfe11f') in 0.011211 seconds 
========================================================================
Received Import Request.
  Time since last request: 0.050144 seconds.
  path: Assets/XR/Loaders/XRLoader.asset
  artifactKey: Guid(a1b17d498b500a746880272c623e01a8) Importer(815301076,1909f56bfc062723c751e8b465ee728b)
Start importing Assets/XR/Loaders/XRLoader.asset using Guid(a1b17d498b500a746880272c623e01a8) Importer(815301076,1909f56bfc062723c751e8b465ee728b)  -> (artifact id: 'c60075c0a6ef44b365a16bfc07e91967') in 0.008436 seconds 
========================================================================
Received Import Request.
  Time since last request: 1.690766 seconds.
  path: Assets/Plugins
  artifactKey: Guid(5ee23123f3e6f9b4ab37a502d5a2e605) Importer(815301076,1909f56bfc062723c751e8b465ee728b)
Start importing Assets/Plugins using Guid(5ee23123f3e6f9b4ab37a502d5a2e605) Importer(815301076,1909f56bfc062723c751e8b465ee728b)  -> (artifact id: '99ebad72b143ede2c66a5665d2ec8a14') in 0.010377 seconds 
========================================================================
Received Prepare
Refreshing native plugins compatible for Editor in 4.11 ms, found 3 plugins.
Preloading 0 native plugins for Editor in 0.00 ms.
Unloading 16 Unused Serialized files (Serialized files now loaded: 0)
Unloading 16 unused Assets / (21.9 KB). Loaded Objects now: 3623.
Memory consumption went from 52.0 MB to 51.9 MB.
Total: 3.014900 ms (FindLiveObjects: 0.424000 ms CreateObjectMapping: 0.122200 ms MarkObjects: 2.451200 ms  DeleteObjects: 0.016500 ms)

AssetImportParameters requested are different than current active one (requested -> active):
  custom:video-decoder-ogg-theora: a1e56fd34408186e4bbccfd4996cb3dc -> 
  custom:container-muxer-webm: aa71ff27fc2769a1b78a27578f13a17b -> 
  custom:container-demuxer-webm: 4f35f7cbe854078d1ac9338744f61a02 -> 
  custom:video-encoder-webm-vp8: eb34c28f22e8b96e1ab97ce403110664 -> 
  custom:CustomObjectIndexerAttribute: bc11b3a6c3213fcdd17b65e7da85e133 -> 
  custom:audio-encoder-webm-vorbis: bf7c407c2cedff20999df2af8eb42d56 -> 
  custom:framework-win-MediaFoundation: 216162199b28c13a410421893ffa2e32 -> 
  custom:container-demuxer-ogg: 62fdf1f143b41e24485cea50d1cbac27 -> 
  custom:video-decoder-webm-vp8: 9c59270c3fd7afecdb556c50c9e8de78 -> 
  custom:audio-decoder-ogg-vorbis: bf7c407c2cedff20999df2af8eb42d56 -> 
========================================================================
Received Import Request.
  Time since last request: 144.915969 seconds.
  path: Assets/XR/Settings
  artifactKey: Guid(341682b5a20f49a438c1660e9910c01f) Importer(815301076,1909f56bfc062723c751e8b465ee728b)
Start importing Assets/XR/Settings using Guid(341682b5a20f49a438c1660e9910c01f) Importer(815301076,1909f56bfc062723c751e8b465ee728b)  -> (artifact id: 'cc91c18fade4a1e941e98ceb401ddcfc') in 0.013848 seconds 
========================================================================
Received Import Request.
  Time since last request: 0.021245 seconds.
  path: Assets/XR/Settings/XRSettings.asset
  artifactKey: Guid(09af74c081509684d879b79fb10a6b49) Importer(815301076,1909f56bfc062723c751e8b465ee728b)
Start importing Assets/XR/Settings/XRSettings.asset using Guid(09af74c081509684d879b79fb10a6b49) Importer(815301076,1909f56bfc062723c751e8b465ee728b)  -> (artifact id: '51a4591df3bd2d8c86e0d6014bafa46d') in 0.011230 seconds 
========================================================================
Received Import Request.
  Time since last request: 1.952792 seconds.
  path: Assets/Materials
  artifactKey: Guid(5f82224da65313640847fa950ae1bfd4) Importer(815301076,1909f56bfc062723c751e8b465ee728b)
Start importing Assets/Materials using Guid(5f82224da65313640847fa950ae1bfd4) Importer(815301076,1909f56bfc062723c751e8b465ee728b)  -> (artifact id: 'a01af311647f6022d9af2d73f1088922') in 0.012939 seconds 
========================================================================
Received Import Request.
  Time since last request: 0.059052 seconds.
  path: Assets/Materials/asphalt_road_2.mat
  artifactKey: Guid(ce3d11dd143a58341b0253a357413513) Importer(815301076,1909f56bfc062723c751e8b465ee728b)
Start importing Assets/Materials/asphalt_road_2.mat using Guid(ce3d11dd143a58341b0253a357413513) Importer(815301076,1909f56bfc062723c751e8b465ee728b)  -> (artifact id: 'ff8b18ea33cb3d57422bfd631e89258f') in 0.178021 seconds 
========================================================================
Received Import Request.
  Time since last request: 10.959316 seconds.
  path: Assets/Models/AR/Materials/carpet_black.mat
  artifactKey: Guid(6b96cbd22e4d3ca47be212c8edc911a9) Importer(815301076,1909f56bfc062723c751e8b465ee728b)
Start importing Assets/Models/AR/Materials/carpet_black.mat using Guid(6b96cbd22e4d3ca47be212c8edc911a9) Importer(815301076,1909f56bfc062723c751e8b465ee728b)  -> (artifact id: '055eb167f5abddeff0866c1f9cd906c5') in 0.062767 seconds 
========================================================================
Received Import Request.
  Time since last request: 0.000030 seconds.
  path: Assets/Models/AR/Materials/Logo_COLOR.mat
  artifactKey: Guid(96af437365ba565409c0fa9078080d79) Importer(815301076,1909f56bfc062723c751e8b465ee728b)
Start importing Assets/Models/AR/Materials/Logo_COLOR.mat using Guid(96af437365ba565409c0fa9078080d79) Importer(815301076,1909f56bfc062723c751e8b465ee728b)  -> (artifact id: 'dff689b38b5559b5336a5931574891b6') in 0.020857 seconds 
========================================================================
Received Import Request.
  Time since last request: 0.000037 seconds.
  path: Assets/Models/AR/Materials/TEssuto.mat
  artifactKey: Guid(0c5a477b28fe2514ba69638a909a6f59) Importer(815301076,1909f56bfc062723c751e8b465ee728b)
Start importing Assets/Models/AR/Materials/TEssuto.mat using Guid(0c5a477b28fe2514ba69638a909a6f59) Importer(815301076,1909f56bfc062723c751e8b465ee728b)  -> (artifact id: 'bf1073c5e10b869f903a060317045f8c') in 0.019546 seconds 
========================================================================
Received Import Request.
  Time since last request: 0.000032 seconds.
  path: Assets/Models/AR/Materials/luz_motor.mat
  artifactKey: Guid(256a8335f8feb0044ad53d8d23eef3fd) Importer(815301076,1909f56bfc062723c751e8b465ee728b)
Start importing Assets/Models/AR/Materials/luz_motor.mat using Guid(256a8335f8feb0044ad53d8d23eef3fd) Importer(815301076,1909f56bfc062723c751e8b465ee728b)  -> (artifact id: '0269edbc177853a2a56a12b028dc05f4') in 0.030774 seconds 
========================================================================
Received Import Request.
  Time since last request: 0.000035 seconds.
  path: Assets/Models/AR/Materials/dash_plastic01_grey1.mat
  artifactKey: Guid(c37738182d12b114ca1cfab692b1b6ae) Importer(815301076,1909f56bfc062723c751e8b465ee728b)
Start importing Assets/Models/AR/Materials/dash_plastic01_grey1.mat using Guid(c37738182d12b114ca1cfab692b1b6ae) Importer(815301076,1909f56bfc062723c751e8b465ee728b)  -> (artifact id: '69cf7fa45b7b35cb0749e3369970ba7e') in 0.020833 seconds 
========================================================================
Received Import Request.
  Time since last request: 0.003703 seconds.
  path: Assets/Models/AR/Materials/Mirror.mat
  artifactKey: Guid(4b9db14712f5e6c4a946d09be8625dd0) Importer(815301076,1909f56bfc062723c751e8b465ee728b)
Start importing Assets/Models/AR/Materials/Mirror.mat using Guid(4b9db14712f5e6c4a946d09be8625dd0) Importer(815301076,1909f56bfc062723c751e8b465ee728b)  -> (artifact id: 'de164238ade98cc2b47d4ef5db06577e') in 0.014398 seconds 
========================================================================
Received Import Request.
  Time since last request: 0.000030 seconds.
  path: Assets/Models/AR/Materials/Wood.mat
  artifactKey: Guid(a47cb24a2dbd5b5458997684251b5af3) Importer(815301076,1909f56bfc062723c751e8b465ee728b)
Start importing Assets/Models/AR/Materials/Wood.mat using Guid(a47cb24a2dbd5b5458997684251b5af3) Importer(815301076,1909f56bfc062723c751e8b465ee728b)  -> (artifact id: '167217af15493207e4b898eb2a9ff011') in 0.045361 seconds 
========================================================================
Received Import Request.
  Time since last request: 0.000025 seconds.
  path: Assets/Models/AR/Materials/grille02.mat
  artifactKey: Guid(bbf27ce92f7eca14fbcb81be18a39368) Importer(815301076,1909f56bfc062723c751e8b465ee728b)
Start importing Assets/Models/AR/Materials/grille02.mat using Guid(bbf27ce92f7eca14fbcb81be18a39368) Importer(815301076,1909f56bfc062723c751e8b465ee728b)  -> (artifact id: '7cf307dad1a7bb6c354608249b8f5f01') in 0.016370 seconds 
========================================================================
Received Import Request.
  Time since last request: 0.000029 seconds.
  path: Assets/Models/AR/Materials/plastic.mat
  artifactKey: Guid(fe01a2015f0ebbf499e2242b22f88aad) Importer(815301076,1909f56bfc062723c751e8b465ee728b)
Start importing Assets/Models/AR/Materials/plastic.mat using Guid(fe01a2015f0ebbf499e2242b22f88aad) Importer(815301076,1909f56bfc062723c751e8b465ee728b)  -> (artifact id: '523dda0a91c4b294ccda6bd8edcd546f') in 0.015774 seconds 
========================================================================
Received Import Request.
  Time since last request: 0.000030 seconds.
  path: Assets/Models/AR/Materials/dash_plastic01.mat
  artifactKey: Guid(a4f3ae17121ef1847a01cc2ba9ff52e4) Importer(815301076,1909f56bfc062723c751e8b465ee728b)
Start importing Assets/Models/AR/Materials/dash_plastic01.mat using Guid(a4f3ae17121ef1847a01cc2ba9ff52e4) Importer(815301076,1909f56bfc062723c751e8b465ee728b)  -> (artifact id: 'f34c0c5f5061892ab0e82381c88b5fe4') in 0.015319 seconds 
========================================================================
Received Import Request.
  Time since last request: 1.771523 seconds.
  path: Assets/Models/AR/source/156.fbx
  artifactKey: Guid(7b3e234271b4d6d4bb7e5330e6d95d71) Importer(815301076,1909f56bfc062723c751e8b465ee728b)
Start importing Assets/Models/AR/source/156.fbx using Guid(7b3e234271b4d6d4bb7e5330e6d95d71) Importer(815301076,1909f56bfc062723c751e8b465ee728b)  -> (artifact id: '8b92eb5fcd13669522fc179c0e088162') in 1.141609 seconds 
========================================================================
Received Import Request.
  Time since last request: 2.963482 seconds.
  path: Assets/Models/AR/textures/accr_alfa_logo.png
  artifactKey: Guid(ede8a7ce821c4dd4898c93dba35f642d) Importer(815301076,1909f56bfc062723c751e8b465ee728b)
Start importing Assets/Models/AR/textures/accr_alfa_logo.png using Guid(ede8a7ce821c4dd4898c93dba35f642d) Importer(815301076,1909f56bfc062723c751e8b465ee728b)  -> (artifact id: '53e50d0ef8b119f0825d77cba9ab2e21') in 0.075378 seconds 
========================================================================
Received Import Request.
  Time since last request: 0.000028 seconds.
  path: Assets/Models/AR/textures/frisos_tras_ao.png
  artifactKey: Guid(a5da58e16bd42874aab9a714279f69b7) Importer(815301076,1909f56bfc062723c751e8b465ee728b)
Start importing Assets/Models/AR/textures/frisos_tras_ao.png using Guid(a5da58e16bd42874aab9a714279f69b7) Importer(815301076,1909f56bfc062723c751e8b465ee728b)  -> (artifact id: '9c2e4a86b5ff652fd30876ba8211b39d') in 0.133221 seconds 
========================================================================
Received Import Request.
  Time since last request: 0.000031 seconds.
  path: Assets/Models/AR/textures/NEEDLE.png
  artifactKey: Guid(eba45047098a8d645aed1107d11ee52b) Importer(815301076,1909f56bfc062723c751e8b465ee728b)
Start importing Assets/Models/AR/textures/NEEDLE.png using Guid(eba45047098a8d645aed1107d11ee52b) Importer(815301076,1909f56bfc062723c751e8b465ee728b)  -> (artifact id: '063b644b0afa7654a6b2be62a3242d7c') in 0.035810 seconds 
========================================================================
Received Import Request.
  Time since last request: 0.000033 seconds.
  path: Assets/Models/AR/textures/Rim_Base.png
  artifactKey: Guid(f3f32cf9a60172f418bf672d186bea39) Importer(815301076,1909f56bfc062723c751e8b465ee728b)
Start importing Assets/Models/AR/textures/Rim_Base.png using Guid(f3f32cf9a60172f418bf672d186bea39) Importer(815301076,1909f56bfc062723c751e8b465ee728b)  -> (artifact id: '1aa53206aa3ffad9c724c3d354c569ff') in 0.043146 seconds 
========================================================================
Received Import Request.
  Time since last request: 0.000018 seconds.
  path: Assets/Models/AR/textures/carpet_black.png
  artifactKey: Guid(24f5731dca5648740a261c445de9c3ff) Importer(815301076,1909f56bfc062723c751e8b465ee728b)
Start importing Assets/Models/AR/textures/carpet_black.png using Guid(24f5731dca5648740a261c445de9c3ff) Importer(815301076,1909f56bfc062723c751e8b465ee728b)  -> (artifact id: '73eb75305a6290d70962eca5bdececf5') in 0.042062 seconds 
========================================================================
Received Import Request.
  Time since last request: 0.000035 seconds.
  path: Assets/Models/AR/textures/Disk_NM.png
  artifactKey: Guid(c7897921749d8db4587c35c7bad039bd) Importer(815301076,1909f56bfc062723c751e8b465ee728b)
Start importing Assets/Models/AR/textures/Disk_NM.png using Guid(c7897921749d8db4587c35c7bad039bd) Importer(815301076,1909f56bfc062723c751e8b465ee728b)  -> (artifact id: '2d48a2de84194c4b78770733e1879c57') in 0.034034 seconds 
========================================================================
Received Import Request.
  Time since last request: 0.000023 seconds.
  path: Assets/Models/AR/textures/grille02.png
  artifactKey: Guid(a10fdb58d99156a49b62ca69fb6218d7) Importer(815301076,1909f56bfc062723c751e8b465ee728b)
Start importing Assets/Models/AR/textures/grille02.png using Guid(a10fdb58d99156a49b62ca69fb6218d7) Importer(815301076,1909f56bfc062723c751e8b465ee728b)  -> (artifact id: '1a22893a771b31caf3708ca37fced50f') in 0.027147 seconds 
========================================================================
Received Import Request.
  Time since last request: 0.000021 seconds.
  path: Assets/Models/AR/textures/handbrake.png
  artifactKey: Guid(04bbc964aa4555c4ea5289e884585ea4) Importer(815301076,1909f56bfc062723c751e8b465ee728b)
Start importing Assets/Models/AR/textures/handbrake.png using Guid(04bbc964aa4555c4ea5289e884585ea4) Importer(815301076,1909f56bfc062723c751e8b465ee728b)  -> (artifact id: 'c29cca02f4abe8dea0aa0b4e9d3e98a6') in 0.030829 seconds 
========================================================================
Received Import Request.
  Time since last request: 0.002893 seconds.
  path: Assets/Models/AR/textures/dash_plastic01_grey1.png
  artifactKey: Guid(67fe0dcd540ebeb4893eb808b5a2d905) Importer(815301076,1909f56bfc062723c751e8b465ee728b)
Start importing Assets/Models/AR/textures/dash_plastic01_grey1.png using Guid(67fe0dcd540ebeb4893eb808b5a2d905) Importer(815301076,1909f56bfc062723c751e8b465ee728b)  -> (artifact id: 'fb8321b01b7788f1c504d7c7adfe53f8') in 0.041129 seconds 
========================================================================
Received Import Request.
  Time since last request: 0.000025 seconds.
  path: Assets/Models/AR/textures/GAUGES_horas.png
  artifactKey: Guid(edd062d1a4f498645894516f1b82c314) Importer(815301076,1909f56bfc062723c751e8b465ee728b)
Start importing Assets/Models/AR/textures/GAUGES_horas.png using Guid(edd062d1a4f498645894516f1b82c314) Importer(815301076,1909f56bfc062723c751e8b465ee728b)  -> (artifact id: '811d51219f133e6d81be9f4f221c9fa4') in 0.034987 seconds 
========================================================================
Received Import Request.
  Time since last request: 0.000055 seconds.
  path: Assets/Models/AR/textures/Gomma_Base_NM.png
  artifactKey: Guid(a8417ca44b4f1294187cef2709dec635) Importer(815301076,1909f56bfc062723c751e8b465ee728b)
Start importing Assets/Models/AR/textures/Gomma_Base_NM.png using Guid(a8417ca44b4f1294187cef2709dec635) Importer(815301076,1909f56bfc062723c751e8b465ee728b)  -> (artifact id: '2aea3a24997384866c6cced081b7a613') in 0.029983 seconds 
