Using pre-set license
Built from '2021.3/staging' branch; Version is '2021.3.29f1 (204d6dc9ae1c) revision 2116973'; Using compiler version '192829333'; Build Type 'Release'
OS: 'Windows 10  (10.0.19045) 64bit Professional' Language: 'es' Physical Memory: 32509 MB
BatchMode: 1, IsHumanControllingUs: 0, StartBugReporterOnCrash: 0, Is64bit: 1, IsPro: 1

COMMAND LINE ARGUMENTS:
C:\Program Files\Unity\Hub\Editor\2021.3.29f1\Editor\Unity.exe
-adb2
-batchMode
-noUpm
-name
AssetImportWorker2
-projectPath
C:/Users/Godot/Documents/GitHub/TSICIII_Practicas/Practica1
-logFile
Logs/AssetImportWorker2.log
-srvPort
49656
Successfully changed project path to: C:/Users/Godot/Documents/GitHub/TSICIII_Practicas/Practica1
C:/Users/Godot/Documents/GitHub/TSICIII_Practicas/Practica1
[UnityMemory] Configuration Parameters - Can be set up in boot.config
    "memorysetup-bucket-allocator-granularity=16"
    "memorysetup-bucket-allocator-bucket-count=8"
    "memorysetup-bucket-allocator-block-size=33554432"
    "memorysetup-bucket-allocator-block-count=8"
    "memorysetup-main-allocator-block-size=16777216"
    "memorysetup-thread-allocator-block-size=16777216"
    "memorysetup-gfx-main-allocator-block-size=16777216"
    "memorysetup-gfx-thread-allocator-block-size=16777216"
    "memorysetup-cache-allocator-block-size=4194304"
    "memorysetup-typetree-allocator-block-size=2097152"
    "memorysetup-profiler-bucket-allocator-granularity=16"
    "memorysetup-profiler-bucket-allocator-bucket-count=8"
    "memorysetup-profiler-bucket-allocator-block-size=33554432"
    "memorysetup-profiler-bucket-allocator-block-count=8"
    "memorysetup-profiler-allocator-block-size=16777216"
    "memorysetup-profiler-editor-allocator-block-size=1048576"
    "memorysetup-temp-allocator-size-main=16777216"
    "memorysetup-job-temp-allocator-block-size=2097152"
    "memorysetup-job-temp-allocator-block-size-background=1048576"
    "memorysetup-job-temp-allocator-reduction-small-platforms=262144"
    "memorysetup-temp-allocator-size-background-worker=32768"
    "memorysetup-temp-allocator-size-job-worker=262144"
    "memorysetup-temp-allocator-size-preload-manager=33554432"
    "memorysetup-temp-allocator-size-nav-mesh-worker=65536"
    "memorysetup-temp-allocator-size-audio-worker=65536"
    "memorysetup-temp-allocator-size-cloud-worker=32768"
    "memorysetup-temp-allocator-size-gi-baking-worker=262144"
    "memorysetup-temp-allocator-size-gfx=262144"
Player connection [36248] Host "[IP] 192.168.186.1 [Port] 0 [Flags] 2 [Guid] 1996957268 [EditorId] 1996957268 [Version] 1048832 [Id] WindowsEditor(7,DESKTOP-2RED3C4) [Debug] 1 [PackageName] WindowsEditor [ProjectName] Editor" joined multi-casting on [225.0.0.222:54997]...

Player connection [36248] Host "[IP] 192.168.186.1 [Port] 0 [Flags] 2 [Guid] 1996957268 [EditorId] 1996957268 [Version] 1048832 [Id] WindowsEditor(7,DESKTOP-2RED3C4) [Debug] 1 [PackageName] WindowsEditor [ProjectName] Editor" joined alternative multi-casting on [225.0.0.222:34997]...

Refreshing native plugins compatible for Editor in 94.68 ms, found 3 plugins.
Preloading 0 native plugins for Editor in 0.00 ms.
Initialize engine version: 2021.3.29f1 (204d6dc9ae1c)
[Subsystems] Discovering subsystems at path C:/Program Files/Unity/Hub/Editor/2021.3.29f1/Editor/Data/Resources/UnitySubsystems
[Subsystems] Discovering subsystems at path C:/Users/Godot/Documents/GitHub/TSICIII_Practicas/Practica1/Assets
GfxDevice: creating device client; threaded=0; jobified=0
Direct3D:
    Version:  Direct3D 11.0 [level 11.1]
    Renderer: NVIDIA GeForce RTX 4070 (ID=0x2786)
    Vendor:   NVIDIA
    VRAM:     12026 MB
    Driver:   31.0.15.3713
Initialize mono
Mono path[0] = 'C:/Program Files/Unity/Hub/Editor/2021.3.29f1/Editor/Data/Managed'
Mono path[1] = 'C:/Program Files/Unity/Hub/Editor/2021.3.29f1/Editor/Data/MonoBleedingEdge/lib/mono/unityjit-win32'
Mono config path = 'C:/Program Files/Unity/Hub/Editor/2021.3.29f1/Editor/Data/MonoBleedingEdge/etc'
Using monoOptions --debugger-agent=transport=dt_socket,embedding=1,server=y,suspend=n,address=127.0.0.1:56636
Begin MonoManager ReloadAssembly
Registering precompiled unity dll's ...
Register platform support module: C:/Program Files/Unity/Hub/Editor/2021.3.29f1/Editor/Data/PlaybackEngines/AndroidPlayer/UnityEditor.Android.Extensions.dll
Register platform support module: C:/Program Files/Unity/Hub/Editor/2021.3.29f1/Editor/Data/PlaybackEngines/WindowsStandaloneSupport/UnityEditor.WindowsStandalone.Extensions.dll
Registered in 0.009967 seconds.
Native extension for WindowsStandalone target not found
Native extension for Android target not found
Android Extension - Scanning For ADB Devices 267 ms
Refreshing native plugins compatible for Editor in 80.54 ms, found 3 plugins.
Preloading 0 native plugins for Editor in 0.00 ms.
Mono: successfully reloaded assembly
- Completed reload, in  1.000 seconds
Domain Reload Profiling:
	ReloadAssembly (1000ms)
		BeginReloadAssembly (96ms)
			ExecutionOrderSort (0ms)
			DisableScriptedObjects (0ms)
			BackupInstance (0ms)
			ReleaseScriptingObjects (0ms)
			CreateAndSetChildDomain (1ms)
		EndReloadAssembly (792ms)
			LoadAssemblies (93ms)
			RebuildTransferFunctionScriptingTraits (0ms)
			SetupTypeCache (114ms)
			ReleaseScriptCaches (0ms)
			RebuildScriptCaches (31ms)
			SetupLoadedEditorAssemblies (591ms)
				LogAssemblyErrors (0ms)
				InitializePlatformSupportModulesInManaged (365ms)
				SetLoadedEditorAssemblies (0ms)
				RefreshPlugins (81ms)
				BeforeProcessingInitializeOnLoad (1ms)
				ProcessInitializeOnLoadAttributes (94ms)
				ProcessInitializeOnLoadMethodAttributes (49ms)
				AfterProcessingInitializeOnLoad (0ms)
				EditorAssembliesLoaded (0ms)
			ExecutionOrderSort2 (0ms)
			AwakeInstancesAfterBackupRestoration (0ms)
Platform modules already initialized, skipping
Registering precompiled user dll's ...
Registered in 0.006684 seconds.
Begin MonoManager ReloadAssembly
Symbol file LoadedFromMemory doesn't match image C:\Users\Godot\Documents\GitHub\TSICIII_Practicas\Practica1\Library\PackageCache\com.unity.visualscripting@1.8.0\Editor\VisualScripting.Core\Dependencies\YamlDotNet\Unity.VisualScripting.YamlDotNet.dll
Symbol file LoadedFromMemory doesn't match image C:\Users\Godot\Documents\GitHub\TSICIII_Practicas\Practica1\Library\PackageCache\com.unity.visualscripting@1.8.0\Editor\VisualScripting.Core\Dependencies\DotNetZip\Unity.VisualScripting.IonicZip.dll
Native extension for WindowsStandalone target not found
Native extension for Android target not found
Refreshing native plugins compatible for Editor in 0.57 ms, found 3 plugins.
Preloading 0 native plugins for Editor in 0.00 ms.
Package Manager log level set to [2]
Mono: successfully reloaded assembly
- Completed reload, in  1.192 seconds
Domain Reload Profiling:
	ReloadAssembly (1193ms)
		BeginReloadAssembly (149ms)
			ExecutionOrderSort (0ms)
			DisableScriptedObjects (7ms)
			BackupInstance (0ms)
			ReleaseScriptingObjects (0ms)
			CreateAndSetChildDomain (21ms)
		EndReloadAssembly (909ms)
			LoadAssemblies (111ms)
			RebuildTransferFunctionScriptingTraits (0ms)
			SetupTypeCache (305ms)
			ReleaseScriptCaches (1ms)
			RebuildScriptCaches (66ms)
			SetupLoadedEditorAssemblies (395ms)
				LogAssemblyErrors (0ms)
				InitializePlatformSupportModulesInManaged (27ms)
				SetLoadedEditorAssemblies (0ms)
				RefreshPlugins (1ms)
				BeforeProcessingInitializeOnLoad (98ms)
				ProcessInitializeOnLoadAttributes (239ms)
				ProcessInitializeOnLoadMethodAttributes (22ms)
				AfterProcessingInitializeOnLoad (9ms)
				EditorAssembliesLoaded (0ms)
			ExecutionOrderSort2 (0ms)
			AwakeInstancesAfterBackupRestoration (6ms)
Platform modules already initialized, skipping
========================================================================
Worker process is ready to serve import requests
Launched and connected shader compiler UnityShaderCompiler.exe after 0.04 seconds
Refreshing native plugins compatible for Editor in 0.42 ms, found 3 plugins.
Preloading 0 native plugins for Editor in 0.00 ms.
Unloading 3151 Unused Serialized files (Serialized files now loaded: 0)
Unloading 24 unused Assets / (46.3 KB). Loaded Objects now: 3622.
Memory consumption went from 116.2 MB to 116.1 MB.
Total: 2.139100 ms (FindLiveObjects: 0.174800 ms CreateObjectMapping: 0.079400 ms MarkObjects: 1.835000 ms  DeleteObjects: 0.049400 ms)

AssetImportParameters requested are different than current active one (requested -> active):
  custom:video-decoder-ogg-theora: a1e56fd34408186e4bbccfd4996cb3dc -> 
  custom:container-muxer-webm: aa71ff27fc2769a1b78a27578f13a17b -> 
  custom:container-demuxer-webm: 4f35f7cbe854078d1ac9338744f61a02 -> 
  custom:video-encoder-webm-vp8: eb34c28f22e8b96e1ab97ce403110664 -> 
  custom:CustomObjectIndexerAttribute: bc11b3a6c3213fcdd17b65e7da85e133 -> 
  custom:audio-encoder-webm-vorbis: bf7c407c2cedff20999df2af8eb42d56 -> 
  custom:framework-win-MediaFoundation: 216162199b28c13a410421893ffa2e32 -> 
  custom:container-demuxer-ogg: 62fdf1f143b41e24485cea50d1cbac27 -> 
  custom:video-decoder-webm-vp8: 9c59270c3fd7afecdb556c50c9e8de78 -> 
  custom:audio-decoder-ogg-vorbis: bf7c407c2cedff20999df2af8eb42d56 -> 
========================================================================
Received Import Request.
  Time since last request: 98093.235834 seconds.
  path: Assets/Models/AR/textures/7052303_preview.png
  artifactKey: Guid(ae15d0ee5a123c74d88302ba64d3c81a) Importer(815301076,1909f56bfc062723c751e8b465ee728b)
Start importing Assets/Models/AR/textures/7052303_preview.png using Guid(ae15d0ee5a123c74d88302ba64d3c81a) Importer(815301076,1909f56bfc062723c751e8b465ee728b)  -> (artifact id: '15ed9aacd6fa668558d6720d0b511b77') in 0.177287 seconds 
========================================================================
Received Import Request.
  Time since last request: 0.000032 seconds.
  path: Assets/Models/AR/textures/plastic.png
  artifactKey: Guid(62683d699b6861f49843957b3d98fe09) Importer(815301076,1909f56bfc062723c751e8b465ee728b)
Start importing Assets/Models/AR/textures/plastic.png using Guid(62683d699b6861f49843957b3d98fe09) Importer(815301076,1909f56bfc062723c751e8b465ee728b)  -> (artifact id: '5c82c1117e1b5a297d26a20100f80332') in 0.034614 seconds 
========================================================================
Received Import Request.
  Time since last request: 0.003121 seconds.
  path: Assets/Models/AR/textures/stitchF_s_LOD0.png
  artifactKey: Guid(65af7ea58ef6edf4dbc1430312970b04) Importer(815301076,1909f56bfc062723c751e8b465ee728b)
Start importing Assets/Models/AR/textures/stitchF_s_LOD0.png using Guid(65af7ea58ef6edf4dbc1430312970b04) Importer(815301076,1909f56bfc062723c751e8b465ee728b)  -> (artifact id: 'f3edac3c2459cb15367f24f218c89a9f') in 0.044607 seconds 
========================================================================
Received Import Request.
  Time since last request: 0.000023 seconds.
  path: Assets/Models/AR/textures/rgba000000ff.png
  artifactKey: Guid(c79bd5d99059cce4294c9a7276530049) Importer(815301076,1909f56bfc062723c751e8b465ee728b)
Start importing Assets/Models/AR/textures/rgba000000ff.png using Guid(c79bd5d99059cce4294c9a7276530049) Importer(815301076,1909f56bfc062723c751e8b465ee728b)  -> (artifact id: '79766fcc18c7f1bacdde040d70955e5a') in 0.027220 seconds 
========================================================================
Received Import Request.
  Time since last request: 0.000022 seconds.
  path: Assets/Models/AR/textures/Mirror.png
  artifactKey: Guid(3fd5457b598a786448b06008c0f15225) Importer(815301076,1909f56bfc062723c751e8b465ee728b)
Start importing Assets/Models/AR/textures/Mirror.png using Guid(3fd5457b598a786448b06008c0f15225) Importer(815301076,1909f56bfc062723c751e8b465ee728b)  -> (artifact id: '127709b06d15ea1a95c20dd4e57171e2') in 0.027960 seconds 
========================================================================
Received Import Request.
  Time since last request: 0.000020 seconds.
  path: Assets/Models/AR/textures/internal_ground_ao_texture.jpeg
  artifactKey: Guid(5637d239fed14ff4997bad187dcd7d6d) Importer(815301076,1909f56bfc062723c751e8b465ee728b)
Start importing Assets/Models/AR/textures/internal_ground_ao_texture.jpeg using Guid(5637d239fed14ff4997bad187dcd7d6d) Importer(815301076,1909f56bfc062723c751e8b465ee728b)  -> (artifact id: 'e5157f3614c3cdeb8d2cfd5c4175924a') in 0.035967 seconds 
========================================================================
Received Import Request.
  Time since last request: 0.000020 seconds.
  path: Assets/Models/AR/textures/botoes_meio_AO.png
  artifactKey: Guid(e091db198a8afc34b815106edff79d9f) Importer(815301076,1909f56bfc062723c751e8b465ee728b)
Start importing Assets/Models/AR/textures/botoes_meio_AO.png using Guid(e091db198a8afc34b815106edff79d9f) Importer(815301076,1909f56bfc062723c751e8b465ee728b)  -> (artifact id: '88709e47869ec2423b7c19653669b16a') in 0.032514 seconds 
========================================================================
Received Import Request.
  Time since last request: 0.000022 seconds.
  path: Assets/Models/AR/textures/red.png
  artifactKey: Guid(20c823a335adeb147aa186eddc3880c8) Importer(815301076,1909f56bfc062723c751e8b465ee728b)
Start importing Assets/Models/AR/textures/red.png using Guid(20c823a335adeb147aa186eddc3880c8) Importer(815301076,1909f56bfc062723c751e8b465ee728b)  -> (artifact id: 'ee5b022b39f26c592b9dfd9e675c2203') in 0.026216 seconds 
========================================================================
Received Import Request.
  Time since last request: 0.000033 seconds.
  path: Assets/Models/AR/textures/RPM_GAUGE.png
  artifactKey: Guid(f5311b87fab25834ebdea8829246f1ae) Importer(815301076,1909f56bfc062723c751e8b465ee728b)
Start importing Assets/Models/AR/textures/RPM_GAUGE.png using Guid(f5311b87fab25834ebdea8829246f1ae) Importer(815301076,1909f56bfc062723c751e8b465ee728b)  -> (artifact id: 'c3632989ff54a3e0d20065e0316bced3') in 0.048908 seconds 
========================================================================
Received Import Request.
  Time since last request: 0.000041 seconds.
  path: Assets/Models/AR/textures/luz_motor.png
  artifactKey: Guid(b76658d9003d62d4fb895337a671f391) Importer(815301076,1909f56bfc062723c751e8b465ee728b)
Start importing Assets/Models/AR/textures/luz_motor.png using Guid(b76658d9003d62d4fb895337a671f391) Importer(815301076,1909f56bfc062723c751e8b465ee728b)  -> (artifact id: '8e83bd90f81c22dcbaa53f95edbb4213') in 0.031016 seconds 
========================================================================
Received Import Request.
  Time since last request: 0.000212 seconds.
  path: Assets/Models/AR/textures/aircon3.png
  artifactKey: Guid(e9ba37baddce24b45b96289c61def462) Importer(815301076,1909f56bfc062723c751e8b465ee728b)
Start importing Assets/Models/AR/textures/aircon3.png using Guid(e9ba37baddce24b45b96289c61def462) Importer(815301076,1909f56bfc062723c751e8b465ee728b)  -> (artifact id: '1e9998e8dd4d8b5b130dca5c54d087f4') in 0.038478 seconds 
========================================================================
Received Import Request.
  Time since last request: 13.646101 seconds.
  path: Packages/com.google.xr.cardboard/Resources/Cardboard/quantum_ic_settings_white_24.png
  artifactKey: Guid(1ba35afc9ee124883bc3277e249dec2a) Importer(815301076,1909f56bfc062723c751e8b465ee728b)
Start importing Packages/com.google.xr.cardboard/Resources/Cardboard/quantum_ic_settings_white_24.png using Guid(1ba35afc9ee124883bc3277e249dec2a) Importer(815301076,1909f56bfc062723c751e8b465ee728b)  -> (artifact id: '41a647310177f782865432b4d52ebd0a') in 0.028680 seconds 
